2025-09-12 21:04:37,010 - INFO - Added jelena.nyc (409936 followers)
2025-09-12 21:04:44,223 - INFO - Added lindanguyenlee (21019 followers)
2025-09-12 21:04:48,114 - INFO - Added viverenewyork (121971 followers)
2025-09-12 21:04:56,120 - INFO - Added toosha_z (22403 followers)
2025-09-12 21:05:03,811 - INFO - Added kaishacreates (23876 followers)
2025-09-12 21:05:08,404 - INFO - Added lindaxnyc (45630 followers)
2025-09-12 21:05:14,550 - INFO - Added thecreativegentleman (42813 followers)
2025-09-12 21:05:29,861 - WARNING - Failed to fetch DOEMBDvDe9C: JSON Query to web/search/topsearch/: 401 Unauthorized - "fail" status, message "Server Error" when accessing https://www.instagram.com/web/search/topsearch/?context=blended&query=doembdvde9c&include_reel=False&__a=1
2025-09-12 21:05:38,917 - INFO - Added lighttravelsfaster (350041 followers)
2025-09-12 21:05:55,155 - INFO - Added vickirutwind (131976 followers)
2025-09-12 21:06:01,711 - INFO - Added leahmarie.nyc (9992 followers)
2025-09-12 21:06:08,250 - INFO - Added according2asia_ (131444 followers)
2025-09-12 21:06:26,441 - WARNING - Failed to fetch DOEMBDvDe9C: JSON Query to web/search/topsearch/: 401 Unauthorized - "fail" status, message "Server Error" when accessing https://www.instagram.com/web/search/topsearch/?context=blended&query=doembdvde9c&include_reel=False&__a=1
2025-09-12 21:06:43,332 - WARNING - Failed to fetch nyc-food-influencer: JSON Query to api/v1/users/web_profile_info/?username=nyc-food-influencer: 404 Not Found when accessing https://i.instagram.com/api/v1/users/web_profile_info/?username=nyc-food-influencer
2025-09-12 21:07:01,184 - INFO - Added jelena.nyc (409936 followers)
2025-09-12 21:07:05,794 - INFO - Added lindanguyenlee (21019 followers)
2025-09-12 21:07:15,028 - INFO - Added viverenewyork (121971 followers)
2025-09-12 21:07:21,906 - INFO - Added toosha_z (22403 followers)
2025-09-12 21:07:28,426 - INFO - Added kaishacreates (23876 followers)
2025-09-12 21:07:33,415 - INFO - Added lindaxnyc (45630 followers)
2025-09-12 21:07:37,761 - INFO - Added thecreativegentleman (42813 followers)
2025-09-12 21:07:52,537 - WARNING - Failed to fetch DOEMBDvDe9C: JSON Query to web/search/topsearch/: 401 Unauthorized - "fail" status, message "Please wait a few minutes before you try again." when accessing https://www.instagram.com/web/search/topsearch/?context=blended&query=doembdvde9c&include_reel=False&__a=1
2025-09-12 21:07:59,819 - INFO - Added lighttravelsfaster (350041 followers)
2025-09-12 21:08:03,953 - INFO - Added vickirutwind (131976 followers)
2025-09-12 21:08:05,954 - INFO - Saved 9 profiles to instagram_nyc_serpapi.json
